[35m[1mConsolidate compiler generated dependencies of target talker[0m
[35m[1mConsolidate compiler generated dependencies of target listener[0m
[ 25%] [32mBuilding CXX object CMakeFiles/talker.dir/src/simple_talker.cpp.o[0m
[ 75%] Built target listener
[100%] [32m[1mLinking CXX executable talker[0m
[100%] Built target talker
-- Install configuration: ""
-- Installing: /home/base0020/inoshita_mrecieve/install/pub_sub_comm/lib/pub_sub_comm/talker
-- Set runtime path of "/home/base0020/inoshita_mrecieve/install/pub_sub_comm/lib/pub_sub_comm/talker" to ""
-- Up-to-date: /home/base0020/inoshita_mrecieve/install/pub_sub_comm/lib/pub_sub_comm/listener
-- Up-to-date: /home/base0020/inoshita_mrecieve/install/pub_sub_comm/share/ament_index/resource_index/package_run_dependencies/pub_sub_comm
-- Up-to-date: /home/base0020/inoshita_mrecieve/install/pub_sub_comm/share/ament_index/resource_index/parent_prefix_path/pub_sub_comm
-- Up-to-date: /home/base0020/inoshita_mrecieve/install/pub_sub_comm/share/pub_sub_comm/environment/ament_prefix_path.sh
-- Up-to-date: /home/base0020/inoshita_mrecieve/install/pub_sub_comm/share/pub_sub_comm/environment/ament_prefix_path.dsv
-- Up-to-date: /home/base0020/inoshita_mrecieve/install/pub_sub_comm/share/pub_sub_comm/environment/path.sh
-- Up-to-date: /home/base0020/inoshita_mrecieve/install/pub_sub_comm/share/pub_sub_comm/environment/path.dsv
-- Up-to-date: /home/base0020/inoshita_mrecieve/install/pub_sub_comm/share/pub_sub_comm/local_setup.bash
-- Up-to-date: /home/base0020/inoshita_mrecieve/install/pub_sub_comm/share/pub_sub_comm/local_setup.sh
-- Up-to-date: /home/base0020/inoshita_mrecieve/install/pub_sub_comm/share/pub_sub_comm/local_setup.zsh
-- Up-to-date: /home/base0020/inoshita_mrecieve/install/pub_sub_comm/share/pub_sub_comm/local_setup.dsv
-- Installing: /home/base0020/inoshita_mrecieve/install/pub_sub_comm/share/pub_sub_comm/package.dsv
-- Up-to-date: /home/base0020/inoshita_mrecieve/install/pub_sub_comm/share/ament_index/resource_index/packages/pub_sub_comm
-- Up-to-date: /home/base0020/inoshita_mrecieve/install/pub_sub_comm/share/pub_sub_comm/cmake/pub_sub_commConfig.cmake
-- Up-to-date: /home/base0020/inoshita_mrecieve/install/pub_sub_comm/share/pub_sub_comm/cmake/pub_sub_commConfig-version.cmake
-- Up-to-date: /home/base0020/inoshita_mrecieve/install/pub_sub_comm/share/pub_sub_comm/package.xml
