[0.011s] Invoking command in '/home/module-dev/inoshita_mrecieve/build/pub_sub_comm': CMAKE_PREFIX_PATH=${CMAKE_PREFIX_PATH}:/opt/ros/humble /usr/bin/cmake --build /home/module-dev/inoshita_mrecieve/build/pub_sub_comm -- -j4 -l4
[0.049s] [35m[1mConsolidate compiler generated dependencies of target listener[0m
[0.049s] [35m[1mConsolidate compiler generated dependencies of target talker[0m
[0.065s] [ 75%] [32mBuilding CXX object CMakeFiles/talker.dir/src/simple_talker.cpp.o[0m
[0.066s] [ 75%] Built target listener
[4.436s] [100%] [32m[1mLinking CXX executable talker[0m
[4.634s] [100%] Built target talker
[4.646s] Invoked command in '/home/module-dev/inoshita_mrecieve/build/pub_sub_comm' returned '0': CMAKE_PREFIX_PATH=${CMAKE_PREFIX_PATH}:/opt/ros/humble /usr/bin/cmake --build /home/module-dev/inoshita_mrecieve/build/pub_sub_comm -- -j4 -l4
[4.681s] Invoking command in '/home/module-dev/inoshita_mrecieve/build/pub_sub_comm': CMAKE_PREFIX_PATH=${CMAKE_PREFIX_PATH}:/opt/ros/humble /usr/bin/cmake --install /home/module-dev/inoshita_mrecieve/build/pub_sub_comm
[4.688s] -- Install configuration: ""
[4.688s] -- Installing: /home/module-dev/inoshita_mrecieve/install/pub_sub_comm/lib/pub_sub_comm/talker
[4.689s] -- Set runtime path of "/home/module-dev/inoshita_mrecieve/install/pub_sub_comm/lib/pub_sub_comm/talker" to ""
[4.690s] -- Up-to-date: /home/module-dev/inoshita_mrecieve/install/pub_sub_comm/lib/pub_sub_comm/listener
[4.690s] -- Up-to-date: /home/module-dev/inoshita_mrecieve/install/pub_sub_comm/share/ament_index/resource_index/package_run_dependencies/pub_sub_comm
[4.690s] -- Up-to-date: /home/module-dev/inoshita_mrecieve/install/pub_sub_comm/share/ament_index/resource_index/parent_prefix_path/pub_sub_comm
[4.690s] -- Up-to-date: /home/module-dev/inoshita_mrecieve/install/pub_sub_comm/share/pub_sub_comm/environment/ament_prefix_path.sh
[4.690s] -- Up-to-date: /home/module-dev/inoshita_mrecieve/install/pub_sub_comm/share/pub_sub_comm/environment/ament_prefix_path.dsv
[4.690s] -- Up-to-date: /home/module-dev/inoshita_mrecieve/install/pub_sub_comm/share/pub_sub_comm/environment/path.sh
[4.690s] -- Up-to-date: /home/module-dev/inoshita_mrecieve/install/pub_sub_comm/share/pub_sub_comm/environment/path.dsv
[4.690s] -- Up-to-date: /home/module-dev/inoshita_mrecieve/install/pub_sub_comm/share/pub_sub_comm/local_setup.bash
[4.691s] -- Up-to-date: /home/module-dev/inoshita_mrecieve/install/pub_sub_comm/share/pub_sub_comm/local_setup.sh
[4.691s] -- Up-to-date: /home/module-dev/inoshita_mrecieve/install/pub_sub_comm/share/pub_sub_comm/local_setup.zsh
[4.691s] -- Up-to-date: /home/module-dev/inoshita_mrecieve/install/pub_sub_comm/share/pub_sub_comm/local_setup.dsv
[4.691s] -- Installing: /home/module-dev/inoshita_mrecieve/install/pub_sub_comm/share/pub_sub_comm/package.dsv
[4.691s] -- Up-to-date: /home/module-dev/inoshita_mrecieve/install/pub_sub_comm/share/ament_index/resource_index/packages/pub_sub_comm
[4.691s] -- Up-to-date: /home/module-dev/inoshita_mrecieve/install/pub_sub_comm/share/pub_sub_comm/cmake/pub_sub_commConfig.cmake
[4.691s] -- Up-to-date: /home/module-dev/inoshita_mrecieve/install/pub_sub_comm/share/pub_sub_comm/cmake/pub_sub_commConfig-version.cmake
[4.691s] -- Up-to-date: /home/module-dev/inoshita_mrecieve/install/pub_sub_comm/share/pub_sub_comm/package.xml
[4.693s] Invoked command in '/home/module-dev/inoshita_mrecieve/build/pub_sub_comm' returned '0': CMAKE_PREFIX_PATH=${CMAKE_PREFIX_PATH}:/opt/ros/humble /usr/bin/cmake --install /home/module-dev/inoshita_mrecieve/build/pub_sub_comm
