-- The C compiler identification is GNU 11.4.0
-- The CXX compiler identification is GNU 11.4.0
-- Detecting C compiler ABI info
-- Detecting C compiler ABI info - done
-- Check for working C compiler: /usr/bin/cc - skipped
-- Detecting C compile features
-- Detecting C compile features - done
-- Detecting CXX compiler ABI info
-- Detecting CXX compiler ABI info - done
-- Check for working CXX compiler: /usr/bin/c++ - skipped
-- Detecting CXX compile features
-- Detecting CXX compile features - done
-- Found ament_cmake: 1.3.10 (/opt/ros/humble/share/ament_cmake/cmake)
-- Found Python3: /usr/bin/python3 (found version "3.10.12") found components: Interpreter 
-- Found rclcpp: 16.0.10 (/opt/ros/humble/share/rclcpp/cmake)
-- Found rosidl_generator_c: 3.1.5 (/opt/ros/humble/share/rosidl_generator_c/cmake)
-- Found rosidl_adapter: 3.1.5 (/opt/ros/humble/share/rosidl_adapter/cmake)
-- Found rosidl_generator_cpp: 3.1.5 (/opt/ros/humble/share/rosidl_generator_cpp/cmake)
-- Using all available rosidl_typesupport_c: rosidl_typesupport_fastrtps_c;rosidl_typesupport_introspection_c
-- Using all available rosidl_typesupport_cpp: rosidl_typesupport_fastrtps_cpp;rosidl_typesupport_introspection_cpp
-- Found rmw_implementation_cmake: 6.1.2 (/opt/ros/humble/share/rmw_implementation_cmake/cmake)
-- Found rmw_fastrtps_cpp: 6.2.7 (/opt/ros/humble/share/rmw_fastrtps_cpp/cmake)
-- Found OpenSSL: /usr/lib/x86_64-linux-gnu/libcrypto.so (found version "3.0.2")  
-- Found FastRTPS: /opt/ros/humble/include  
-- Using RMW implementation 'rmw_fastrtps_cpp' as default
-- Looking for pthread.h
-- Looking for pthread.h - found
-- Performing Test CMAKE_HAVE_LIBC_PTHREAD
-- Performing Test CMAKE_HAVE_LIBC_PTHREAD - Success
-- Found Threads: TRUE  
-- Configuring done
-- Generating done
-- Build files have been written to: /home/module-dev/inoshita_mrecieve/build/pub_sub_comm
[ 50%] [32mBuilding CXX object CMakeFiles/listener.dir/src/simple_listener.cpp.o[0m
[ 50%] [32mBuilding CXX object CMakeFiles/talker.dir/src/simple_talker.cpp.o[0m
[ 75%] [32m[1mLinking CXX executable talker[0m
[ 75%] Built target talker
[100%] [32m[1mLinking CXX executable listener[0m
[100%] Built target listener
-- Install configuration: ""
-- Installing: /home/module-dev/inoshita_mrecieve/install/pub_sub_comm/lib/pub_sub_comm/talker
-- Set runtime path of "/home/module-dev/inoshita_mrecieve/install/pub_sub_comm/lib/pub_sub_comm/talker" to ""
-- Installing: /home/module-dev/inoshita_mrecieve/install/pub_sub_comm/lib/pub_sub_comm/listener
-- Set runtime path of "/home/module-dev/inoshita_mrecieve/install/pub_sub_comm/lib/pub_sub_comm/listener" to ""
-- Installing: /home/module-dev/inoshita_mrecieve/install/pub_sub_comm/share/ament_index/resource_index/package_run_dependencies/pub_sub_comm
-- Installing: /home/module-dev/inoshita_mrecieve/install/pub_sub_comm/share/ament_index/resource_index/parent_prefix_path/pub_sub_comm
-- Installing: /home/module-dev/inoshita_mrecieve/install/pub_sub_comm/share/pub_sub_comm/environment/ament_prefix_path.sh
-- Installing: /home/module-dev/inoshita_mrecieve/install/pub_sub_comm/share/pub_sub_comm/environment/ament_prefix_path.dsv
-- Installing: /home/module-dev/inoshita_mrecieve/install/pub_sub_comm/share/pub_sub_comm/environment/path.sh
-- Installing: /home/module-dev/inoshita_mrecieve/install/pub_sub_comm/share/pub_sub_comm/environment/path.dsv
-- Installing: /home/module-dev/inoshita_mrecieve/install/pub_sub_comm/share/pub_sub_comm/local_setup.bash
-- Installing: /home/module-dev/inoshita_mrecieve/install/pub_sub_comm/share/pub_sub_comm/local_setup.sh
-- Installing: /home/module-dev/inoshita_mrecieve/install/pub_sub_comm/share/pub_sub_comm/local_setup.zsh
-- Installing: /home/module-dev/inoshita_mrecieve/install/pub_sub_comm/share/pub_sub_comm/local_setup.dsv
-- Installing: /home/module-dev/inoshita_mrecieve/install/pub_sub_comm/share/pub_sub_comm/package.dsv
-- Installing: /home/module-dev/inoshita_mrecieve/install/pub_sub_comm/share/ament_index/resource_index/packages/pub_sub_comm
-- Installing: /home/module-dev/inoshita_mrecieve/install/pub_sub_comm/share/pub_sub_comm/cmake/pub_sub_commConfig.cmake
-- Installing: /home/module-dev/inoshita_mrecieve/install/pub_sub_comm/share/pub_sub_comm/cmake/pub_sub_commConfig-version.cmake
-- Installing: /home/module-dev/inoshita_mrecieve/install/pub_sub_comm/share/pub_sub_comm/package.xml
