[0.014s] Invoking command in '/home/module-dev/inoshita_mrecieve/build/pub_sub_comm': CMAKE_PREFIX_PATH=/opt/ros/humble /usr/bin/cmake /home/module-dev/inoshita_mrecieve/src/pub_sub_comm -DCMAKE_INSTALL_PREFIX=/home/module-dev/inoshita_mrecieve/install/pub_sub_comm
[0.210s] -- The C compiler identification is GNU 11.4.0
[0.319s] -- The CXX compiler identification is GNU 11.4.0
[0.331s] -- Detecting C compiler ABI info
[0.408s] -- Detecting C compiler ABI info - done
[0.416s] -- Check for working C compiler: /usr/bin/cc - skipped
[0.417s] -- Detecting C compile features
[0.418s] -- Detecting C compile features - done
[0.426s] -- Detecting CXX compiler ABI info
[0.509s] -- Detecting CXX compiler ABI info - done
[0.517s] -- Check for working CXX compiler: /usr/bin/c++ - skipped
[0.517s] -- Detecting CXX compile features
[0.518s] -- Detecting CXX compile features - done
[0.530s] -- Found ament_cmake: 1.3.10 (/opt/ros/humble/share/ament_cmake/cmake)
[0.692s] -- Found Python3: /usr/bin/python3 (found version "3.10.12") found components: Interpreter 
[0.815s] -- Found rclcpp: 16.0.10 (/opt/ros/humble/share/rclcpp/cmake)
[0.900s] -- Found rosidl_generator_c: 3.1.5 (/opt/ros/humble/share/rosidl_generator_c/cmake)
[0.909s] -- Found rosidl_adapter: 3.1.5 (/opt/ros/humble/share/rosidl_adapter/cmake)
[0.925s] -- Found rosidl_generator_cpp: 3.1.5 (/opt/ros/humble/share/rosidl_generator_cpp/cmake)
[0.952s] -- Using all available rosidl_typesupport_c: rosidl_typesupport_fastrtps_c;rosidl_typesupport_introspection_c
[0.982s] -- Using all available rosidl_typesupport_cpp: rosidl_typesupport_fastrtps_cpp;rosidl_typesupport_introspection_cpp
[1.066s] -- Found rmw_implementation_cmake: 6.1.2 (/opt/ros/humble/share/rmw_implementation_cmake/cmake)
[1.070s] -- Found rmw_fastrtps_cpp: 6.2.7 (/opt/ros/humble/share/rmw_fastrtps_cpp/cmake)
[1.183s] -- Found OpenSSL: /usr/lib/x86_64-linux-gnu/libcrypto.so (found version "3.0.2")  
[1.211s] -- Found FastRTPS: /opt/ros/humble/include  
[1.250s] -- Using RMW implementation 'rmw_fastrtps_cpp' as default
[1.264s] -- Looking for pthread.h
[1.332s] -- Looking for pthread.h - found
[1.332s] -- Performing Test CMAKE_HAVE_LIBC_PTHREAD
[1.403s] -- Performing Test CMAKE_HAVE_LIBC_PTHREAD - Success
[1.404s] -- Found Threads: TRUE  
[1.551s] -- Configuring done
[1.563s] -- Generating done
[1.564s] -- Build files have been written to: /home/module-dev/inoshita_mrecieve/build/pub_sub_comm
[1.576s] Invoked command in '/home/module-dev/inoshita_mrecieve/build/pub_sub_comm' returned '0': CMAKE_PREFIX_PATH=/opt/ros/humble /usr/bin/cmake /home/module-dev/inoshita_mrecieve/src/pub_sub_comm -DCMAKE_INSTALL_PREFIX=/home/module-dev/inoshita_mrecieve/install/pub_sub_comm
[1.578s] Invoking command in '/home/module-dev/inoshita_mrecieve/build/pub_sub_comm': CMAKE_PREFIX_PATH=/opt/ros/humble /usr/bin/cmake --build /home/module-dev/inoshita_mrecieve/build/pub_sub_comm -- -j4 -l4
[1.625s] [ 50%] [32mBuilding CXX object CMakeFiles/listener.dir/src/simple_listener.cpp.o[0m
[1.625s] [ 50%] [32mBuilding CXX object CMakeFiles/talker.dir/src/simple_talker.cpp.o[0m
[8.489s] [ 75%] [32m[1mLinking CXX executable talker[0m
[8.729s] [ 75%] Built target talker
[12.144s] [100%] [32m[1mLinking CXX executable listener[0m
[12.535s] [100%] Built target listener
[12.547s] Invoked command in '/home/module-dev/inoshita_mrecieve/build/pub_sub_comm' returned '0': CMAKE_PREFIX_PATH=/opt/ros/humble /usr/bin/cmake --build /home/module-dev/inoshita_mrecieve/build/pub_sub_comm -- -j4 -l4
[12.582s] Invoking command in '/home/module-dev/inoshita_mrecieve/build/pub_sub_comm': CMAKE_PREFIX_PATH=/opt/ros/humble /usr/bin/cmake --install /home/module-dev/inoshita_mrecieve/build/pub_sub_comm
[12.589s] -- Install configuration: ""
[12.589s] -- Installing: /home/module-dev/inoshita_mrecieve/install/pub_sub_comm/lib/pub_sub_comm/talker
[12.590s] -- Set runtime path of "/home/module-dev/inoshita_mrecieve/install/pub_sub_comm/lib/pub_sub_comm/talker" to ""
[12.590s] -- Installing: /home/module-dev/inoshita_mrecieve/install/pub_sub_comm/lib/pub_sub_comm/listener
[12.593s] -- Set runtime path of "/home/module-dev/inoshita_mrecieve/install/pub_sub_comm/lib/pub_sub_comm/listener" to ""
[12.593s] -- Installing: /home/module-dev/inoshita_mrecieve/install/pub_sub_comm/share/ament_index/resource_index/package_run_dependencies/pub_sub_comm
[12.593s] -- Installing: /home/module-dev/inoshita_mrecieve/install/pub_sub_comm/share/ament_index/resource_index/parent_prefix_path/pub_sub_comm
[12.594s] -- Installing: /home/module-dev/inoshita_mrecieve/install/pub_sub_comm/share/pub_sub_comm/environment/ament_prefix_path.sh
[12.594s] -- Installing: /home/module-dev/inoshita_mrecieve/install/pub_sub_comm/share/pub_sub_comm/environment/ament_prefix_path.dsv
[12.594s] -- Installing: /home/module-dev/inoshita_mrecieve/install/pub_sub_comm/share/pub_sub_comm/environment/path.sh
[12.594s] -- Installing: /home/module-dev/inoshita_mrecieve/install/pub_sub_comm/share/pub_sub_comm/environment/path.dsv
[12.594s] -- Installing: /home/module-dev/inoshita_mrecieve/install/pub_sub_comm/share/pub_sub_comm/local_setup.bash
[12.594s] -- Installing: /home/module-dev/inoshita_mrecieve/install/pub_sub_comm/share/pub_sub_comm/local_setup.sh
[12.595s] -- Installing: /home/module-dev/inoshita_mrecieve/install/pub_sub_comm/share/pub_sub_comm/local_setup.zsh
[12.595s] -- Installing: /home/module-dev/inoshita_mrecieve/install/pub_sub_comm/share/pub_sub_comm/local_setup.dsv
[12.595s] -- Installing: /home/module-dev/inoshita_mrecieve/install/pub_sub_comm/share/pub_sub_comm/package.dsv
[12.595s] -- Installing: /home/module-dev/inoshita_mrecieve/install/pub_sub_comm/share/ament_index/resource_index/packages/pub_sub_comm
[12.595s] -- Installing: /home/module-dev/inoshita_mrecieve/install/pub_sub_comm/share/pub_sub_comm/cmake/pub_sub_commConfig.cmake
[12.595s] -- Installing: /home/module-dev/inoshita_mrecieve/install/pub_sub_comm/share/pub_sub_comm/cmake/pub_sub_commConfig-version.cmake
[12.595s] -- Installing: /home/module-dev/inoshita_mrecieve/install/pub_sub_comm/share/pub_sub_comm/package.xml
[12.597s] Invoked command in '/home/module-dev/inoshita_mrecieve/build/pub_sub_comm' returned '0': CMAKE_PREFIX_PATH=/opt/ros/humble /usr/bin/cmake --install /home/module-dev/inoshita_mrecieve/build/pub_sub_comm
