[0.269s] DEBUG:colcon:Command line arguments: ['/usr/bin/colcon', 'build']
[0.269s] DEBUG:colcon:Parsed command line arguments: Namespace(log_base=None, log_level=None, verb_name='build', build_base='build', install_base='install', merge_install=False, symlink_install=False, test_result_base=None, continue_on_error=False, executor='parallel', parallel_workers=4, event_handlers=None, ignore_user_meta=False, metas=['./colcon.meta'], base_paths=['.'], packages_ignore=None, packages_ignore_regex=None, paths=None, packages_up_to=None, packages_up_to_regex=None, packages_above=None, packages_above_and_dependencies=None, packages_above_depth=None, packages_select_by_dep=None, packages_skip_by_dep=None, packages_skip_up_to=None, packages_select_build_failed=False, packages_skip_build_finished=False, packages_select_test_failures=False, packages_skip_test_passed=False, packages_select=None, packages_skip=None, packages_select_regex=None, packages_skip_regex=None, packages_start=None, packages_end=None, allow_overriding=[], cmake_args=None, cmake_target=None, cmake_target_skip_unavailable=False, cmake_clean_cache=False, cmake_clean_first=False, cmake_force_configure=False, ament_cmake_args=None, catkin_cmake_args=None, catkin_skip_building_tests=False, mixin_files=None, mixin=None, verb_parser=<colcon_mixin.mixin.mixin_argument.MixinArgumentDecorator object at 0x7d5504a47ee0>, verb_extension=<colcon_core.verb.build.BuildVerb object at 0x7d5504a478b0>, main=<bound method BuildVerb.main of <colcon_core.verb.build.BuildVerb object at 0x7d5504a478b0>>, mixin_verb=('build',))
[0.733s] Level 1:colcon.colcon_core.package_discovery:discover_packages(colcon_meta) check parameters
[0.733s] Level 1:colcon.colcon_core.package_discovery:discover_packages(recursive) check parameters
[0.733s] Level 1:colcon.colcon_core.package_discovery:discover_packages(ignore) check parameters
[0.733s] Level 1:colcon.colcon_core.package_discovery:discover_packages(path) check parameters
[0.733s] Level 1:colcon.colcon_core.package_discovery:discover_packages(colcon_meta) discover
[0.733s] Level 1:colcon.colcon_core.package_discovery:discover_packages(recursive) discover
[0.733s] INFO:colcon.colcon_core.package_discovery:Crawling recursively for packages in '/home/module-dev/inoshita_mrecieve'
[0.733s] Level 1:colcon.colcon_core.package_identification:_identify(.) by extensions ['ignore', 'ignore_ament_install']
[0.733s] Level 1:colcon.colcon_core.package_identification:_identify(.) by extension 'ignore'
[0.733s] Level 1:colcon.colcon_core.package_identification:_identify(.) by extension 'ignore_ament_install'
[0.733s] Level 1:colcon.colcon_core.package_identification:_identify(.) by extensions ['colcon_pkg']
[0.733s] Level 1:colcon.colcon_core.package_identification:_identify(.) by extension 'colcon_pkg'
[0.734s] Level 1:colcon.colcon_core.package_identification:_identify(.) by extensions ['colcon_meta']
[0.734s] Level 1:colcon.colcon_core.package_identification:_identify(.) by extension 'colcon_meta'
[0.734s] Level 1:colcon.colcon_core.package_identification:_identify(.) by extensions ['ros']
[0.734s] Level 1:colcon.colcon_core.package_identification:_identify(.) by extension 'ros'
[0.752s] Level 1:colcon.colcon_core.package_identification:_identify(.) by extensions ['cmake', 'python']
[0.752s] Level 1:colcon.colcon_core.package_identification:_identify(.) by extension 'cmake'
[0.752s] Level 1:colcon.colcon_core.package_identification:_identify(.) by extension 'python'
[0.752s] Level 1:colcon.colcon_core.package_identification:_identify(.) by extensions ['python_setup_py']
[0.752s] Level 1:colcon.colcon_core.package_identification:_identify(.) by extension 'python_setup_py'
[0.752s] Level 1:colcon.colcon_core.package_identification:_identify(build) by extensions ['ignore', 'ignore_ament_install']
[0.752s] Level 1:colcon.colcon_core.package_identification:_identify(build) by extension 'ignore'
[0.753s] Level 1:colcon.colcon_core.package_identification:_identify(build) ignored
[0.753s] Level 1:colcon.colcon_core.package_identification:_identify(install) by extensions ['ignore', 'ignore_ament_install']
[0.753s] Level 1:colcon.colcon_core.package_identification:_identify(install) by extension 'ignore'
[0.753s] Level 1:colcon.colcon_core.package_identification:_identify(install) ignored
[0.753s] Level 1:colcon.colcon_core.package_identification:_identify(log) by extensions ['ignore', 'ignore_ament_install']
[0.753s] Level 1:colcon.colcon_core.package_identification:_identify(log) by extension 'ignore'
[0.753s] Level 1:colcon.colcon_core.package_identification:_identify(log) ignored
[0.753s] Level 1:colcon.colcon_core.package_identification:_identify(src) by extensions ['ignore', 'ignore_ament_install']
[0.753s] Level 1:colcon.colcon_core.package_identification:_identify(src) by extension 'ignore'
[0.753s] Level 1:colcon.colcon_core.package_identification:_identify(src) by extension 'ignore_ament_install'
[0.753s] Level 1:colcon.colcon_core.package_identification:_identify(src) by extensions ['colcon_pkg']
[0.753s] Level 1:colcon.colcon_core.package_identification:_identify(src) by extension 'colcon_pkg'
[0.753s] Level 1:colcon.colcon_core.package_identification:_identify(src) by extensions ['colcon_meta']
[0.753s] Level 1:colcon.colcon_core.package_identification:_identify(src) by extension 'colcon_meta'
[0.753s] Level 1:colcon.colcon_core.package_identification:_identify(src) by extensions ['ros']
[0.754s] Level 1:colcon.colcon_core.package_identification:_identify(src) by extension 'ros'
[0.754s] Level 1:colcon.colcon_core.package_identification:_identify(src) by extensions ['cmake', 'python']
[0.754s] Level 1:colcon.colcon_core.package_identification:_identify(src) by extension 'cmake'
[0.754s] Level 1:colcon.colcon_core.package_identification:_identify(src) by extension 'python'
[0.754s] Level 1:colcon.colcon_core.package_identification:_identify(src) by extensions ['python_setup_py']
[0.754s] Level 1:colcon.colcon_core.package_identification:_identify(src) by extension 'python_setup_py'
[0.754s] Level 1:colcon.colcon_core.package_identification:_identify(src/pub_sub_comm) by extensions ['ignore', 'ignore_ament_install']
[0.754s] Level 1:colcon.colcon_core.package_identification:_identify(src/pub_sub_comm) by extension 'ignore'
[0.754s] Level 1:colcon.colcon_core.package_identification:_identify(src/pub_sub_comm) by extension 'ignore_ament_install'
[0.754s] Level 1:colcon.colcon_core.package_identification:_identify(src/pub_sub_comm) by extensions ['colcon_pkg']
[0.754s] Level 1:colcon.colcon_core.package_identification:_identify(src/pub_sub_comm) by extension 'colcon_pkg'
[0.754s] Level 1:colcon.colcon_core.package_identification:_identify(src/pub_sub_comm) by extensions ['colcon_meta']
[0.754s] Level 1:colcon.colcon_core.package_identification:_identify(src/pub_sub_comm) by extension 'colcon_meta'
[0.754s] Level 1:colcon.colcon_core.package_identification:_identify(src/pub_sub_comm) by extensions ['ros']
[0.754s] Level 1:colcon.colcon_core.package_identification:_identify(src/pub_sub_comm) by extension 'ros'
[0.759s] DEBUG:colcon.colcon_core.package_identification:Package 'src/pub_sub_comm' with type 'ros.ament_cmake' and name 'pub_sub_comm'
[0.759s] Level 1:colcon.colcon_core.package_discovery:discover_packages(recursive) using defaults
[0.759s] Level 1:colcon.colcon_core.package_discovery:discover_packages(ignore) discover
[0.759s] Level 1:colcon.colcon_core.package_discovery:discover_packages(ignore) using defaults
[0.760s] Level 1:colcon.colcon_core.package_discovery:discover_packages(path) discover
[0.760s] Level 1:colcon.colcon_core.package_discovery:discover_packages(path) using defaults
[0.811s] Level 1:colcon.colcon_core.package_discovery:discover_packages(prefix_path) check parameters
[0.811s] Level 1:colcon.colcon_core.package_discovery:discover_packages(prefix_path) discover
[0.821s] DEBUG:colcon.colcon_installed_package_information.package_discovery:Found 363 installed packages in /opt/ros/humble
[0.822s] Level 1:colcon.colcon_core.package_discovery:discover_packages(prefix_path) using defaults
[0.948s] Level 5:colcon.colcon_core.verb:set package 'pub_sub_comm' build argument 'cmake_args' from command line to 'None'
[0.948s] Level 5:colcon.colcon_core.verb:set package 'pub_sub_comm' build argument 'cmake_target' from command line to 'None'
[0.948s] Level 5:colcon.colcon_core.verb:set package 'pub_sub_comm' build argument 'cmake_target_skip_unavailable' from command line to 'False'
[0.948s] Level 5:colcon.colcon_core.verb:set package 'pub_sub_comm' build argument 'cmake_clean_cache' from command line to 'False'
[0.948s] Level 5:colcon.colcon_core.verb:set package 'pub_sub_comm' build argument 'cmake_clean_first' from command line to 'False'
[0.948s] Level 5:colcon.colcon_core.verb:set package 'pub_sub_comm' build argument 'cmake_force_configure' from command line to 'False'
[0.948s] Level 5:colcon.colcon_core.verb:set package 'pub_sub_comm' build argument 'ament_cmake_args' from command line to 'None'
[0.948s] Level 5:colcon.colcon_core.verb:set package 'pub_sub_comm' build argument 'catkin_cmake_args' from command line to 'None'
[0.948s] Level 5:colcon.colcon_core.verb:set package 'pub_sub_comm' build argument 'catkin_skip_building_tests' from command line to 'False'
[0.948s] DEBUG:colcon.colcon_core.verb:Building package 'pub_sub_comm' with the following arguments: {'ament_cmake_args': None, 'build_base': '/home/module-dev/inoshita_mrecieve/build/pub_sub_comm', 'catkin_cmake_args': None, 'catkin_skip_building_tests': False, 'cmake_args': None, 'cmake_clean_cache': False, 'cmake_clean_first': False, 'cmake_force_configure': False, 'cmake_target': None, 'cmake_target_skip_unavailable': False, 'install_base': '/home/module-dev/inoshita_mrecieve/install/pub_sub_comm', 'merge_install': False, 'path': '/home/module-dev/inoshita_mrecieve/src/pub_sub_comm', 'symlink_install': False, 'test_result_base': None}
[0.949s] INFO:colcon.colcon_core.executor:Executing jobs using 'parallel' executor
[0.950s] DEBUG:colcon.colcon_parallel_executor.executor.parallel:run_until_complete
[0.950s] INFO:colcon.colcon_ros.task.ament_cmake.build:Building ROS package in '/home/module-dev/inoshita_mrecieve/src/pub_sub_comm' with build type 'ament_cmake'
[0.950s] INFO:colcon.colcon_cmake.task.cmake.build:Building CMake package in '/home/module-dev/inoshita_mrecieve/src/pub_sub_comm'
[0.956s] INFO:colcon.colcon_core.plugin_system:Skipping extension 'colcon_core.shell.bat': Not used on non-Windows systems
[0.956s] INFO:colcon.colcon_core.shell:Skip shell extension 'powershell' for command environment: Not usable outside of PowerShell
[0.956s] DEBUG:colcon.colcon_core.shell:Skip shell extension 'dsv' for command environment
[0.964s] DEBUG:colcon.colcon_core.event_handler.log_command:Invoking command in '/home/module-dev/inoshita_mrecieve/build/pub_sub_comm': CMAKE_PREFIX_PATH=/opt/ros/humble /usr/bin/cmake /home/module-dev/inoshita_mrecieve/src/pub_sub_comm -DCMAKE_INSTALL_PREFIX=/home/module-dev/inoshita_mrecieve/install/pub_sub_comm
[2.526s] DEBUG:colcon.colcon_core.event_handler.log_command:Invoked command in '/home/module-dev/inoshita_mrecieve/build/pub_sub_comm' returned '0': CMAKE_PREFIX_PATH=/opt/ros/humble /usr/bin/cmake /home/module-dev/inoshita_mrecieve/src/pub_sub_comm -DCMAKE_INSTALL_PREFIX=/home/module-dev/inoshita_mrecieve/install/pub_sub_comm
[2.528s] DEBUG:colcon.colcon_core.event_handler.log_command:Invoking command in '/home/module-dev/inoshita_mrecieve/build/pub_sub_comm': CMAKE_PREFIX_PATH=/opt/ros/humble /usr/bin/cmake --build /home/module-dev/inoshita_mrecieve/build/pub_sub_comm -- -j4 -l4
[13.497s] DEBUG:colcon.colcon_core.event_handler.log_command:Invoked command in '/home/module-dev/inoshita_mrecieve/build/pub_sub_comm' returned '0': CMAKE_PREFIX_PATH=/opt/ros/humble /usr/bin/cmake --build /home/module-dev/inoshita_mrecieve/build/pub_sub_comm -- -j4 -l4
[13.532s] DEBUG:colcon.colcon_core.event_handler.log_command:Invoking command in '/home/module-dev/inoshita_mrecieve/build/pub_sub_comm': CMAKE_PREFIX_PATH=/opt/ros/humble /usr/bin/cmake --install /home/module-dev/inoshita_mrecieve/build/pub_sub_comm
[13.547s] Level 1:colcon.colcon_core.environment:create_environment_scripts_only(pub_sub_comm)
[13.548s] DEBUG:colcon.colcon_core.event_handler.log_command:Invoked command in '/home/module-dev/inoshita_mrecieve/build/pub_sub_comm' returned '0': CMAKE_PREFIX_PATH=/opt/ros/humble /usr/bin/cmake --install /home/module-dev/inoshita_mrecieve/build/pub_sub_comm
[13.555s] Level 1:colcon.colcon_core.environment:checking '/home/module-dev/inoshita_mrecieve/install/pub_sub_comm' for CMake module files
[13.556s] Level 1:colcon.colcon_core.environment:checking '/home/module-dev/inoshita_mrecieve/install/pub_sub_comm' for CMake config files
[13.556s] Level 1:colcon.colcon_core.shell:create_environment_hook('pub_sub_comm', 'cmake_prefix_path')
[13.556s] INFO:colcon.colcon_core.shell:Creating environment hook '/home/module-dev/inoshita_mrecieve/install/pub_sub_comm/share/pub_sub_comm/hook/cmake_prefix_path.ps1'
[13.557s] INFO:colcon.colcon_core.shell:Creating environment descriptor '/home/module-dev/inoshita_mrecieve/install/pub_sub_comm/share/pub_sub_comm/hook/cmake_prefix_path.dsv'
[13.558s] INFO:colcon.colcon_core.shell:Creating environment hook '/home/module-dev/inoshita_mrecieve/install/pub_sub_comm/share/pub_sub_comm/hook/cmake_prefix_path.sh'
[13.559s] Level 1:colcon.colcon_core.environment:checking '/home/module-dev/inoshita_mrecieve/install/pub_sub_comm/lib'
[13.559s] Level 1:colcon.colcon_core.environment:checking '/home/module-dev/inoshita_mrecieve/install/pub_sub_comm/bin'
[13.559s] Level 1:colcon.colcon_core.environment:checking '/home/module-dev/inoshita_mrecieve/install/pub_sub_comm/lib/pkgconfig/pub_sub_comm.pc'
[13.559s] Level 1:colcon.colcon_core.environment:checking '/home/module-dev/inoshita_mrecieve/install/pub_sub_comm/lib/python3.10/site-packages'
[13.560s] Level 1:colcon.colcon_core.environment:checking '/home/module-dev/inoshita_mrecieve/install/pub_sub_comm/bin'
[13.560s] INFO:colcon.colcon_core.shell:Creating package script '/home/module-dev/inoshita_mrecieve/install/pub_sub_comm/share/pub_sub_comm/package.ps1'
[13.561s] INFO:colcon.colcon_core.shell:Creating package descriptor '/home/module-dev/inoshita_mrecieve/install/pub_sub_comm/share/pub_sub_comm/package.dsv'
[13.562s] INFO:colcon.colcon_core.shell:Creating package script '/home/module-dev/inoshita_mrecieve/install/pub_sub_comm/share/pub_sub_comm/package.sh'
[13.563s] INFO:colcon.colcon_core.shell:Creating package script '/home/module-dev/inoshita_mrecieve/install/pub_sub_comm/share/pub_sub_comm/package.bash'
[13.564s] INFO:colcon.colcon_core.shell:Creating package script '/home/module-dev/inoshita_mrecieve/install/pub_sub_comm/share/pub_sub_comm/package.zsh'
[13.565s] Level 1:colcon.colcon_core.environment:create_file_with_runtime_dependencies(/home/module-dev/inoshita_mrecieve/install/pub_sub_comm/share/colcon-core/packages/pub_sub_comm)
[13.594s] Level 1:colcon.colcon_core.environment:create_environment_scripts_only(pub_sub_comm)
[13.595s] Level 1:colcon.colcon_core.environment:checking '/home/module-dev/inoshita_mrecieve/install/pub_sub_comm' for CMake module files
[13.595s] Level 1:colcon.colcon_core.environment:checking '/home/module-dev/inoshita_mrecieve/install/pub_sub_comm' for CMake config files
[13.596s] Level 1:colcon.colcon_core.shell:create_environment_hook('pub_sub_comm', 'cmake_prefix_path')
[13.596s] INFO:colcon.colcon_core.shell:Creating environment hook '/home/module-dev/inoshita_mrecieve/install/pub_sub_comm/share/pub_sub_comm/hook/cmake_prefix_path.ps1'
[13.596s] INFO:colcon.colcon_core.shell:Creating environment descriptor '/home/module-dev/inoshita_mrecieve/install/pub_sub_comm/share/pub_sub_comm/hook/cmake_prefix_path.dsv'
[13.597s] INFO:colcon.colcon_core.shell:Creating environment hook '/home/module-dev/inoshita_mrecieve/install/pub_sub_comm/share/pub_sub_comm/hook/cmake_prefix_path.sh'
[13.597s] Level 1:colcon.colcon_core.environment:checking '/home/module-dev/inoshita_mrecieve/install/pub_sub_comm/lib'
[13.597s] Level 1:colcon.colcon_core.environment:checking '/home/module-dev/inoshita_mrecieve/install/pub_sub_comm/bin'
[13.597s] Level 1:colcon.colcon_core.environment:checking '/home/module-dev/inoshita_mrecieve/install/pub_sub_comm/lib/pkgconfig/pub_sub_comm.pc'
[13.598s] Level 1:colcon.colcon_core.environment:checking '/home/module-dev/inoshita_mrecieve/install/pub_sub_comm/lib/python3.10/site-packages'
[13.598s] Level 1:colcon.colcon_core.environment:checking '/home/module-dev/inoshita_mrecieve/install/pub_sub_comm/bin'
[13.598s] INFO:colcon.colcon_core.shell:Creating package script '/home/module-dev/inoshita_mrecieve/install/pub_sub_comm/share/pub_sub_comm/package.ps1'
[13.599s] INFO:colcon.colcon_core.shell:Creating package descriptor '/home/module-dev/inoshita_mrecieve/install/pub_sub_comm/share/pub_sub_comm/package.dsv'
[13.599s] INFO:colcon.colcon_core.shell:Creating package script '/home/module-dev/inoshita_mrecieve/install/pub_sub_comm/share/pub_sub_comm/package.sh'
[13.600s] INFO:colcon.colcon_core.shell:Creating package script '/home/module-dev/inoshita_mrecieve/install/pub_sub_comm/share/pub_sub_comm/package.bash'
[13.600s] INFO:colcon.colcon_core.shell:Creating package script '/home/module-dev/inoshita_mrecieve/install/pub_sub_comm/share/pub_sub_comm/package.zsh'
[13.601s] Level 1:colcon.colcon_core.environment:create_file_with_runtime_dependencies(/home/module-dev/inoshita_mrecieve/install/pub_sub_comm/share/colcon-core/packages/pub_sub_comm)
[13.601s] DEBUG:colcon.colcon_parallel_executor.executor.parallel:closing loop
[13.601s] DEBUG:colcon.colcon_parallel_executor.executor.parallel:loop closed
[13.601s] DEBUG:colcon.colcon_parallel_executor.executor.parallel:run_until_complete finished with '0'
[13.601s] DEBUG:colcon.colcon_core.event_reactor:joining thread
[13.614s] INFO:colcon.colcon_core.plugin_system:Skipping extension 'colcon_notification.desktop_notification.terminal_notifier': Not used on non-Darwin systems
[13.615s] INFO:colcon.colcon_core.plugin_system:Skipping extension 'colcon_notification.desktop_notification.win32': Not used on non-Windows systems
[13.615s] INFO:colcon.colcon_notification.desktop_notification:Sending desktop notification using 'notify2'
[13.696s] DEBUG:colcon.colcon_core.event_reactor:joined thread
[13.696s] INFO:colcon.colcon_core.shell:Creating prefix script '/home/module-dev/inoshita_mrecieve/install/local_setup.ps1'
[13.698s] INFO:colcon.colcon_core.shell:Creating prefix util module '/home/module-dev/inoshita_mrecieve/install/_local_setup_util_ps1.py'
[13.700s] INFO:colcon.colcon_core.shell:Creating prefix chain script '/home/module-dev/inoshita_mrecieve/install/setup.ps1'
[13.701s] INFO:colcon.colcon_core.shell:Creating prefix script '/home/module-dev/inoshita_mrecieve/install/local_setup.sh'
[13.702s] INFO:colcon.colcon_core.shell:Creating prefix util module '/home/module-dev/inoshita_mrecieve/install/_local_setup_util_sh.py'
[13.702s] INFO:colcon.colcon_core.shell:Creating prefix chain script '/home/module-dev/inoshita_mrecieve/install/setup.sh'
[13.703s] INFO:colcon.colcon_core.shell:Creating prefix script '/home/module-dev/inoshita_mrecieve/install/local_setup.bash'
[13.704s] INFO:colcon.colcon_core.shell:Creating prefix chain script '/home/module-dev/inoshita_mrecieve/install/setup.bash'
[13.705s] INFO:colcon.colcon_core.shell:Creating prefix script '/home/module-dev/inoshita_mrecieve/install/local_setup.zsh'
[13.706s] INFO:colcon.colcon_core.shell:Creating prefix chain script '/home/module-dev/inoshita_mrecieve/install/setup.zsh'
