[0.112s] DEBUG:colcon:Command line arguments: ['/usr/bin/colcon', 'build']
[0.112s] DEBUG:colcon:Parsed command line arguments: Namespace(log_base=None, log_level=None, verb_name='build', build_base='build', install_base='install', merge_install=False, symlink_install=False, test_result_base=None, continue_on_error=False, executor='parallel', parallel_workers=4, event_handlers=None, ignore_user_meta=False, metas=['./colcon.meta'], base_paths=['.'], packages_ignore=None, packages_ignore_regex=None, paths=None, packages_up_to=None, packages_up_to_regex=None, packages_above=None, packages_above_and_dependencies=None, packages_above_depth=None, packages_select_by_dep=None, packages_skip_by_dep=None, packages_skip_up_to=None, packages_select_build_failed=False, packages_skip_build_finished=False, packages_select_test_failures=False, packages_skip_test_passed=False, packages_select=None, packages_skip=None, packages_select_regex=None, packages_skip_regex=None, packages_start=None, packages_end=None, allow_overriding=[], cmake_args=None, cmake_target=None, cmake_target_skip_unavailable=False, cmake_clean_cache=False, cmake_clean_first=False, cmake_force_configure=False, ament_cmake_args=None, catkin_cmake_args=None, catkin_skip_building_tests=False, mixin_files=None, mixin=None, verb_parser=<colcon_mixin.mixin.mixin_argument.MixinArgumentDecorator object at 0x7973b2237eb0>, verb_extension=<colcon_core.verb.build.BuildVerb object at 0x7973b2237880>, main=<bound method BuildVerb.main of <colcon_core.verb.build.BuildVerb object at 0x7973b2237880>>, mixin_verb=('build',))
[0.292s] Level 1:colcon.colcon_core.package_discovery:discover_packages(colcon_meta) check parameters
[0.293s] Level 1:colcon.colcon_core.package_discovery:discover_packages(recursive) check parameters
[0.293s] Level 1:colcon.colcon_core.package_discovery:discover_packages(ignore) check parameters
[0.293s] Level 1:colcon.colcon_core.package_discovery:discover_packages(path) check parameters
[0.293s] Level 1:colcon.colcon_core.package_discovery:discover_packages(colcon_meta) discover
[0.293s] Level 1:colcon.colcon_core.package_discovery:discover_packages(recursive) discover
[0.293s] INFO:colcon.colcon_core.package_discovery:Crawling recursively for packages in '/home/module-dev/inoshita_mrecieve'
[0.293s] Level 1:colcon.colcon_core.package_identification:_identify(.) by extensions ['ignore', 'ignore_ament_install']
[0.293s] Level 1:colcon.colcon_core.package_identification:_identify(.) by extension 'ignore'
[0.293s] Level 1:colcon.colcon_core.package_identification:_identify(.) by extension 'ignore_ament_install'
[0.293s] Level 1:colcon.colcon_core.package_identification:_identify(.) by extensions ['colcon_pkg']
[0.293s] Level 1:colcon.colcon_core.package_identification:_identify(.) by extension 'colcon_pkg'
[0.293s] Level 1:colcon.colcon_core.package_identification:_identify(.) by extensions ['colcon_meta']
[0.293s] Level 1:colcon.colcon_core.package_identification:_identify(.) by extension 'colcon_meta'
[0.293s] Level 1:colcon.colcon_core.package_identification:_identify(.) by extensions ['ros']
[0.293s] Level 1:colcon.colcon_core.package_identification:_identify(.) by extension 'ros'
[0.303s] Level 1:colcon.colcon_core.package_identification:_identify(.) by extensions ['cmake', 'python']
[0.303s] Level 1:colcon.colcon_core.package_identification:_identify(.) by extension 'cmake'
[0.304s] Level 1:colcon.colcon_core.package_identification:_identify(.) by extension 'python'
[0.304s] Level 1:colcon.colcon_core.package_identification:_identify(.) by extensions ['python_setup_py']
[0.304s] Level 1:colcon.colcon_core.package_identification:_identify(.) by extension 'python_setup_py'
[0.304s] Level 1:colcon.colcon_core.package_identification:_identify(build) by extensions ['ignore', 'ignore_ament_install']
[0.304s] Level 1:colcon.colcon_core.package_identification:_identify(build) by extension 'ignore'
[0.304s] Level 1:colcon.colcon_core.package_identification:_identify(build) ignored
[0.304s] Level 1:colcon.colcon_core.package_identification:_identify(install) by extensions ['ignore', 'ignore_ament_install']
[0.304s] Level 1:colcon.colcon_core.package_identification:_identify(install) by extension 'ignore'
[0.304s] Level 1:colcon.colcon_core.package_identification:_identify(install) ignored
[0.304s] Level 1:colcon.colcon_core.package_identification:_identify(log) by extensions ['ignore', 'ignore_ament_install']
[0.304s] Level 1:colcon.colcon_core.package_identification:_identify(log) by extension 'ignore'
[0.304s] Level 1:colcon.colcon_core.package_identification:_identify(log) ignored
[0.305s] Level 1:colcon.colcon_core.package_identification:_identify(src) by extensions ['ignore', 'ignore_ament_install']
[0.305s] Level 1:colcon.colcon_core.package_identification:_identify(src) by extension 'ignore'
[0.305s] Level 1:colcon.colcon_core.package_identification:_identify(src) by extension 'ignore_ament_install'
[0.305s] Level 1:colcon.colcon_core.package_identification:_identify(src) by extensions ['colcon_pkg']
[0.305s] Level 1:colcon.colcon_core.package_identification:_identify(src) by extension 'colcon_pkg'
[0.305s] Level 1:colcon.colcon_core.package_identification:_identify(src) by extensions ['colcon_meta']
[0.305s] Level 1:colcon.colcon_core.package_identification:_identify(src) by extension 'colcon_meta'
[0.305s] Level 1:colcon.colcon_core.package_identification:_identify(src) by extensions ['ros']
[0.305s] Level 1:colcon.colcon_core.package_identification:_identify(src) by extension 'ros'
[0.305s] Level 1:colcon.colcon_core.package_identification:_identify(src) by extensions ['cmake', 'python']
[0.305s] Level 1:colcon.colcon_core.package_identification:_identify(src) by extension 'cmake'
[0.305s] Level 1:colcon.colcon_core.package_identification:_identify(src) by extension 'python'
[0.305s] Level 1:colcon.colcon_core.package_identification:_identify(src) by extensions ['python_setup_py']
[0.305s] Level 1:colcon.colcon_core.package_identification:_identify(src) by extension 'python_setup_py'
[0.305s] Level 1:colcon.colcon_core.package_identification:_identify(src/pub_sub_comm) by extensions ['ignore', 'ignore_ament_install']
[0.305s] Level 1:colcon.colcon_core.package_identification:_identify(src/pub_sub_comm) by extension 'ignore'
[0.305s] Level 1:colcon.colcon_core.package_identification:_identify(src/pub_sub_comm) by extension 'ignore_ament_install'
[0.305s] Level 1:colcon.colcon_core.package_identification:_identify(src/pub_sub_comm) by extensions ['colcon_pkg']
[0.306s] Level 1:colcon.colcon_core.package_identification:_identify(src/pub_sub_comm) by extension 'colcon_pkg'
[0.306s] Level 1:colcon.colcon_core.package_identification:_identify(src/pub_sub_comm) by extensions ['colcon_meta']
[0.306s] Level 1:colcon.colcon_core.package_identification:_identify(src/pub_sub_comm) by extension 'colcon_meta'
[0.306s] Level 1:colcon.colcon_core.package_identification:_identify(src/pub_sub_comm) by extensions ['ros']
[0.306s] Level 1:colcon.colcon_core.package_identification:_identify(src/pub_sub_comm) by extension 'ros'
[0.308s] DEBUG:colcon.colcon_core.package_identification:Package 'src/pub_sub_comm' with type 'ros.ament_cmake' and name 'pub_sub_comm'
[0.308s] Level 1:colcon.colcon_core.package_discovery:discover_packages(recursive) using defaults
[0.308s] Level 1:colcon.colcon_core.package_discovery:discover_packages(ignore) discover
[0.308s] Level 1:colcon.colcon_core.package_discovery:discover_packages(ignore) using defaults
[0.308s] Level 1:colcon.colcon_core.package_discovery:discover_packages(path) discover
[0.308s] Level 1:colcon.colcon_core.package_discovery:discover_packages(path) using defaults
[0.340s] Level 1:colcon.colcon_core.package_discovery:discover_packages(prefix_path) check parameters
[0.340s] Level 1:colcon.colcon_core.package_discovery:discover_packages(prefix_path) discover
[0.341s] DEBUG:colcon.colcon_installed_package_information.package_discovery:Found 1 installed packages in /home/module-dev/inoshita_mrecieve/install
[0.343s] DEBUG:colcon.colcon_installed_package_information.package_discovery:Found 363 installed packages in /opt/ros/humble
[0.344s] Level 1:colcon.colcon_core.package_discovery:discover_packages(prefix_path) using defaults
[0.390s] Level 5:colcon.colcon_core.verb:set package 'pub_sub_comm' build argument 'cmake_args' from command line to 'None'
[0.390s] Level 5:colcon.colcon_core.verb:set package 'pub_sub_comm' build argument 'cmake_target' from command line to 'None'
[0.390s] Level 5:colcon.colcon_core.verb:set package 'pub_sub_comm' build argument 'cmake_target_skip_unavailable' from command line to 'False'
[0.390s] Level 5:colcon.colcon_core.verb:set package 'pub_sub_comm' build argument 'cmake_clean_cache' from command line to 'False'
[0.390s] Level 5:colcon.colcon_core.verb:set package 'pub_sub_comm' build argument 'cmake_clean_first' from command line to 'False'
[0.390s] Level 5:colcon.colcon_core.verb:set package 'pub_sub_comm' build argument 'cmake_force_configure' from command line to 'False'
[0.390s] Level 5:colcon.colcon_core.verb:set package 'pub_sub_comm' build argument 'ament_cmake_args' from command line to 'None'
[0.390s] Level 5:colcon.colcon_core.verb:set package 'pub_sub_comm' build argument 'catkin_cmake_args' from command line to 'None'
[0.390s] Level 5:colcon.colcon_core.verb:set package 'pub_sub_comm' build argument 'catkin_skip_building_tests' from command line to 'False'
[0.390s] DEBUG:colcon.colcon_core.verb:Building package 'pub_sub_comm' with the following arguments: {'ament_cmake_args': None, 'build_base': '/home/module-dev/inoshita_mrecieve/build/pub_sub_comm', 'catkin_cmake_args': None, 'catkin_skip_building_tests': False, 'cmake_args': None, 'cmake_clean_cache': False, 'cmake_clean_first': False, 'cmake_force_configure': False, 'cmake_target': None, 'cmake_target_skip_unavailable': False, 'install_base': '/home/module-dev/inoshita_mrecieve/install/pub_sub_comm', 'merge_install': False, 'path': '/home/module-dev/inoshita_mrecieve/src/pub_sub_comm', 'symlink_install': False, 'test_result_base': None}
[0.390s] INFO:colcon.colcon_core.executor:Executing jobs using 'parallel' executor
[0.391s] DEBUG:colcon.colcon_parallel_executor.executor.parallel:run_until_complete
[0.391s] INFO:colcon.colcon_ros.task.ament_cmake.build:Building ROS package in '/home/module-dev/inoshita_mrecieve/src/pub_sub_comm' with build type 'ament_cmake'
[0.392s] INFO:colcon.colcon_cmake.task.cmake.build:Building CMake package in '/home/module-dev/inoshita_mrecieve/src/pub_sub_comm'
[0.394s] INFO:colcon.colcon_core.plugin_system:Skipping extension 'colcon_core.shell.bat': Not used on non-Windows systems
[0.394s] INFO:colcon.colcon_core.shell:Skip shell extension 'powershell' for command environment: Not usable outside of PowerShell
[0.394s] DEBUG:colcon.colcon_core.shell:Skip shell extension 'dsv' for command environment
[0.403s] DEBUG:colcon.colcon_core.event_handler.log_command:Invoking command in '/home/module-dev/inoshita_mrecieve/build/pub_sub_comm': CMAKE_PREFIX_PATH=${CMAKE_PREFIX_PATH}:/opt/ros/humble /usr/bin/cmake --build /home/module-dev/inoshita_mrecieve/build/pub_sub_comm -- -j4 -l4
[5.038s] DEBUG:colcon.colcon_core.event_handler.log_command:Invoked command in '/home/module-dev/inoshita_mrecieve/build/pub_sub_comm' returned '0': CMAKE_PREFIX_PATH=${CMAKE_PREFIX_PATH}:/opt/ros/humble /usr/bin/cmake --build /home/module-dev/inoshita_mrecieve/build/pub_sub_comm -- -j4 -l4
[5.074s] DEBUG:colcon.colcon_core.event_handler.log_command:Invoking command in '/home/module-dev/inoshita_mrecieve/build/pub_sub_comm': CMAKE_PREFIX_PATH=${CMAKE_PREFIX_PATH}:/opt/ros/humble /usr/bin/cmake --install /home/module-dev/inoshita_mrecieve/build/pub_sub_comm
[5.084s] Level 1:colcon.colcon_core.environment:create_environment_scripts_only(pub_sub_comm)
[5.085s] DEBUG:colcon.colcon_core.event_handler.log_command:Invoked command in '/home/module-dev/inoshita_mrecieve/build/pub_sub_comm' returned '0': CMAKE_PREFIX_PATH=${CMAKE_PREFIX_PATH}:/opt/ros/humble /usr/bin/cmake --install /home/module-dev/inoshita_mrecieve/build/pub_sub_comm
[5.087s] Level 1:colcon.colcon_core.environment:checking '/home/module-dev/inoshita_mrecieve/install/pub_sub_comm' for CMake module files
[5.087s] Level 1:colcon.colcon_core.environment:checking '/home/module-dev/inoshita_mrecieve/install/pub_sub_comm' for CMake config files
[5.088s] Level 1:colcon.colcon_core.shell:create_environment_hook('pub_sub_comm', 'cmake_prefix_path')
[5.088s] INFO:colcon.colcon_core.shell:Creating environment hook '/home/module-dev/inoshita_mrecieve/install/pub_sub_comm/share/pub_sub_comm/hook/cmake_prefix_path.ps1'
[5.089s] INFO:colcon.colcon_core.shell:Creating environment descriptor '/home/module-dev/inoshita_mrecieve/install/pub_sub_comm/share/pub_sub_comm/hook/cmake_prefix_path.dsv'
[5.089s] INFO:colcon.colcon_core.shell:Creating environment hook '/home/module-dev/inoshita_mrecieve/install/pub_sub_comm/share/pub_sub_comm/hook/cmake_prefix_path.sh'
[5.090s] Level 1:colcon.colcon_core.environment:checking '/home/module-dev/inoshita_mrecieve/install/pub_sub_comm/lib'
[5.090s] Level 1:colcon.colcon_core.environment:checking '/home/module-dev/inoshita_mrecieve/install/pub_sub_comm/bin'
[5.090s] Level 1:colcon.colcon_core.environment:checking '/home/module-dev/inoshita_mrecieve/install/pub_sub_comm/lib/pkgconfig/pub_sub_comm.pc'
[5.090s] Level 1:colcon.colcon_core.environment:checking '/home/module-dev/inoshita_mrecieve/install/pub_sub_comm/lib/python3.10/site-packages'
[5.091s] Level 1:colcon.colcon_core.environment:checking '/home/module-dev/inoshita_mrecieve/install/pub_sub_comm/bin'
[5.091s] INFO:colcon.colcon_core.shell:Creating package script '/home/module-dev/inoshita_mrecieve/install/pub_sub_comm/share/pub_sub_comm/package.ps1'
[5.092s] INFO:colcon.colcon_core.shell:Creating package descriptor '/home/module-dev/inoshita_mrecieve/install/pub_sub_comm/share/pub_sub_comm/package.dsv'
[5.092s] INFO:colcon.colcon_core.shell:Creating package script '/home/module-dev/inoshita_mrecieve/install/pub_sub_comm/share/pub_sub_comm/package.sh'
[5.093s] INFO:colcon.colcon_core.shell:Creating package script '/home/module-dev/inoshita_mrecieve/install/pub_sub_comm/share/pub_sub_comm/package.bash'
[5.094s] INFO:colcon.colcon_core.shell:Creating package script '/home/module-dev/inoshita_mrecieve/install/pub_sub_comm/share/pub_sub_comm/package.zsh'
[5.094s] Level 1:colcon.colcon_core.environment:create_file_with_runtime_dependencies(/home/module-dev/inoshita_mrecieve/install/pub_sub_comm/share/colcon-core/packages/pub_sub_comm)
[5.122s] Level 1:colcon.colcon_core.environment:create_environment_scripts_only(pub_sub_comm)
[5.122s] Level 1:colcon.colcon_core.environment:checking '/home/module-dev/inoshita_mrecieve/install/pub_sub_comm' for CMake module files
[5.123s] Level 1:colcon.colcon_core.environment:checking '/home/module-dev/inoshita_mrecieve/install/pub_sub_comm' for CMake config files
[5.123s] Level 1:colcon.colcon_core.shell:create_environment_hook('pub_sub_comm', 'cmake_prefix_path')
[5.123s] INFO:colcon.colcon_core.shell:Creating environment hook '/home/module-dev/inoshita_mrecieve/install/pub_sub_comm/share/pub_sub_comm/hook/cmake_prefix_path.ps1'
[5.124s] INFO:colcon.colcon_core.shell:Creating environment descriptor '/home/module-dev/inoshita_mrecieve/install/pub_sub_comm/share/pub_sub_comm/hook/cmake_prefix_path.dsv'
[5.124s] INFO:colcon.colcon_core.shell:Creating environment hook '/home/module-dev/inoshita_mrecieve/install/pub_sub_comm/share/pub_sub_comm/hook/cmake_prefix_path.sh'
[5.125s] Level 1:colcon.colcon_core.environment:checking '/home/module-dev/inoshita_mrecieve/install/pub_sub_comm/lib'
[5.125s] Level 1:colcon.colcon_core.environment:checking '/home/module-dev/inoshita_mrecieve/install/pub_sub_comm/bin'
[5.125s] Level 1:colcon.colcon_core.environment:checking '/home/module-dev/inoshita_mrecieve/install/pub_sub_comm/lib/pkgconfig/pub_sub_comm.pc'
[5.125s] Level 1:colcon.colcon_core.environment:checking '/home/module-dev/inoshita_mrecieve/install/pub_sub_comm/lib/python3.10/site-packages'
[5.125s] Level 1:colcon.colcon_core.environment:checking '/home/module-dev/inoshita_mrecieve/install/pub_sub_comm/bin'
[5.126s] INFO:colcon.colcon_core.shell:Creating package script '/home/module-dev/inoshita_mrecieve/install/pub_sub_comm/share/pub_sub_comm/package.ps1'
[5.126s] INFO:colcon.colcon_core.shell:Creating package descriptor '/home/module-dev/inoshita_mrecieve/install/pub_sub_comm/share/pub_sub_comm/package.dsv'
[5.127s] INFO:colcon.colcon_core.shell:Creating package script '/home/module-dev/inoshita_mrecieve/install/pub_sub_comm/share/pub_sub_comm/package.sh'
[5.127s] INFO:colcon.colcon_core.shell:Creating package script '/home/module-dev/inoshita_mrecieve/install/pub_sub_comm/share/pub_sub_comm/package.bash'
[5.127s] INFO:colcon.colcon_core.shell:Creating package script '/home/module-dev/inoshita_mrecieve/install/pub_sub_comm/share/pub_sub_comm/package.zsh'
[5.128s] Level 1:colcon.colcon_core.environment:create_file_with_runtime_dependencies(/home/module-dev/inoshita_mrecieve/install/pub_sub_comm/share/colcon-core/packages/pub_sub_comm)
[5.128s] DEBUG:colcon.colcon_parallel_executor.executor.parallel:closing loop
[5.128s] DEBUG:colcon.colcon_parallel_executor.executor.parallel:loop closed
[5.129s] DEBUG:colcon.colcon_parallel_executor.executor.parallel:run_until_complete finished with '0'
[5.129s] DEBUG:colcon.colcon_core.event_reactor:joining thread
[5.133s] INFO:colcon.colcon_core.plugin_system:Skipping extension 'colcon_notification.desktop_notification.terminal_notifier': Not used on non-Darwin systems
[5.134s] INFO:colcon.colcon_core.plugin_system:Skipping extension 'colcon_notification.desktop_notification.win32': Not used on non-Windows systems
[5.134s] INFO:colcon.colcon_notification.desktop_notification:Sending desktop notification using 'notify2'
[5.149s] DEBUG:colcon.colcon_core.event_reactor:joined thread
[5.149s] INFO:colcon.colcon_core.shell:Creating prefix script '/home/module-dev/inoshita_mrecieve/install/local_setup.ps1'
[5.150s] INFO:colcon.colcon_core.shell:Creating prefix util module '/home/module-dev/inoshita_mrecieve/install/_local_setup_util_ps1.py'
[5.152s] INFO:colcon.colcon_core.shell:Creating prefix chain script '/home/module-dev/inoshita_mrecieve/install/setup.ps1'
[5.153s] INFO:colcon.colcon_core.shell:Creating prefix script '/home/module-dev/inoshita_mrecieve/install/local_setup.sh'
[5.153s] INFO:colcon.colcon_core.shell:Creating prefix util module '/home/module-dev/inoshita_mrecieve/install/_local_setup_util_sh.py'
[5.154s] INFO:colcon.colcon_core.shell:Creating prefix chain script '/home/module-dev/inoshita_mrecieve/install/setup.sh'
[5.155s] INFO:colcon.colcon_core.shell:Creating prefix script '/home/module-dev/inoshita_mrecieve/install/local_setup.bash'
[5.156s] INFO:colcon.colcon_core.shell:Creating prefix chain script '/home/module-dev/inoshita_mrecieve/install/setup.bash'
[5.157s] INFO:colcon.colcon_core.shell:Creating prefix script '/home/module-dev/inoshita_mrecieve/install/local_setup.zsh'
[5.158s] INFO:colcon.colcon_core.shell:Creating prefix chain script '/home/module-dev/inoshita_mrecieve/install/setup.zsh'
